[
    {
        "Id": "238f4f7f681d6804333063b6931e83257340a51510c77e503c56db7c8f444388",
        "Created": "2018-12-24T16:43:04.506684431Z",
        "Path": "/init",
        "Args": [],
        "State": {
            "Status": "running",
            "Running": true,
            "Paused": false,
            "Restarting": false,
            "OOMKilled": false,
            "Dead": false,
            "Pid": 31534,
            "ExitCode": 0,
            "Error": "",
            "StartedAt": "2018-12-24T16:43:05.609808435Z",
            "FinishedAt": "0001-01-01T00:00:00Z"
        },
        "Image": "sha256:2a5cad16a7b79c366dc1e2e74464046631b1c6ba49e5930b7158dc2888d14549",
        "ResolvConfPath": "/var/lib/docker/containers/238f4f7f681d6804333063b6931e83257340a51510c77e503c56db7c8f444388/resolv.conf",
        "HostnamePath": "/var/lib/docker/containers/238f4f7f681d6804333063b6931e83257340a51510c77e503c56db7c8f444388/hostname",
        "HostsPath": "/var/lib/docker/containers/238f4f7f681d6804333063b6931e83257340a51510c77e503c56db7c8f444388/hosts",
        "LogPath": "/var/lib/docker/containers/238f4f7f681d6804333063b6931e83257340a51510c77e503c56db7c8f444388/238f4f7f681d6804333063b6931e83257340a51510c77e503c56db7c8f444388-json.log",
        "Name": "/ha",
        "RestartCount": 0,
        "Driver": "aufs",
        "Platform": "linux",
        "MountLabel": "",
        "ProcessLabel": "",
        "AppArmorProfile": "docker-default",
        "ExecIDs": [
            "31b0d00792fbf1778ca4cfc2e1d8644f4f12e6f7903e18159c5e8ac33519e2bf"
        ],
        "HostConfig": {
            "Binds": null,
            "ContainerIDFile": "",
            "LogConfig": {
                "Type": "json-file",
                "Config": {}
            },
            "NetworkMode": "heig",
            "PortBindings": {
                "1936/tcp": [
                    {
                        "HostIp": "",
                        "HostPort": "1936"
                    }
                ],
                "80/tcp": [
                    {
                        "HostIp": "",
                        "HostPort": "80"
                    }
                ],
                "9999/tcp": [
                    {
                        "HostIp": "",
                        "HostPort": "9999"
                    }
                ]
            },
            "RestartPolicy": {
                "Name": "no",
                "MaximumRetryCount": 0
            },
            "AutoRemove": false,
            "VolumeDriver": "",
            "VolumesFrom": null,
            "CapAdd": null,
            "CapDrop": null,
            "Dns": [],
            "DnsOptions": [],
            "DnsSearch": [],
            "ExtraHosts": null,
            "GroupAdd": null,
            "IpcMode": "shareable",
            "Cgroup": "",
            "Links": null,
            "OomScoreAdj": 0,
            "PidMode": "",
            "Privileged": false,
            "PublishAllPorts": false,
            "ReadonlyRootfs": false,
            "SecurityOpt": null,
            "UTSMode": "",
            "UsernsMode": "",
            "ShmSize": 67108864,
            "Runtime": "runc",
            "ConsoleSize": [
                0,
                0
            ],
            "Isolation": "",
            "CpuShares": 0,
            "Memory": 0,
            "NanoCpus": 0,
            "CgroupParent": "",
            "BlkioWeight": 0,
            "BlkioWeightDevice": [],
            "BlkioDeviceReadBps": null,
            "BlkioDeviceWriteBps": null,
            "BlkioDeviceReadIOps": null,
            "BlkioDeviceWriteIOps": null,
            "CpuPeriod": 0,
            "CpuQuota": 0,
            "CpuRealtimePeriod": 0,
            "CpuRealtimeRuntime": 0,
            "CpusetCpus": "",
            "CpusetMems": "",
            "Devices": [],
            "DeviceCgroupRules": null,
            "DiskQuota": 0,
            "KernelMemory": 0,
            "MemoryReservation": 0,
            "MemorySwap": 0,
            "MemorySwappiness": null,
            "OomKillDisable": false,
            "PidsLimit": 0,
            "Ulimits": null,
            "CpuCount": 0,
            "CpuPercent": 0,
            "IOMaximumIOps": 0,
            "IOMaximumBandwidth": 0,
            "MaskedPaths": [
                "/proc/acpi",
                "/proc/kcore",
                "/proc/keys",
                "/proc/latency_stats",
                "/proc/timer_list",
                "/proc/timer_stats",
                "/proc/sched_debug",
                "/proc/scsi",
                "/sys/firmware"
            ],
            "ReadonlyPaths": [
                "/proc/asound",
                "/proc/bus",
                "/proc/fs",
                "/proc/irq",
                "/proc/sys",
                "/proc/sysrq-trigger"
            ]
        },
        "GraphDriver": {
            "Data": null,
            "Name": "aufs"
        },
        "Mounts": [],
        "Config": {
            "Hostname": "238f4f7f681d",
            "Domainname": "",
            "User": "",
            "AttachStdin": false,
            "AttachStdout": false,
            "AttachStderr": false,
            "ExposedPorts": {
                "1936/tcp": {},
                "7373/tcp": {},
                "7946/tcp": {},
                "80/tcp": {},
                "9999/tcp": {}
            },
            "Tty": false,
            "OpenStdin": false,
            "StdinOnce": false,
            "Env": [
                "PATH=/usr/local/sbin:/usr/local/bin:/usr/sbin:/usr/bin:/sbin:/bin",
                "HAPROXY_VERSION=1.5.19",
                "HAPROXY_URL=https://www.haproxy.org/download/1.5/src/haproxy-1.5.19.tar.gz",
                "HAPROXY_SHA256=e00ae2a633da614967f2e3ebebdb817ec537cba8383b833fc8d9a506876e0d5e",
                "ROLE=balancer"
            ],
            "Cmd": null,
            "ArgsEscaped": true,
            "Image": "softengheigvd/ha",
            "Volumes": null,
            "WorkingDir": "",
            "Entrypoint": [
                "/init"
            ],
            "OnBuild": null,
            "Labels": {},
            "StopSignal": "SIGUSR1"
        },
        "NetworkSettings": {
            "Bridge": "",
            "SandboxID": "8f16573e78bcda6c57dd7c5c0b0a44f33a8f4c5a3053e081902ad2bf674e18ee",
            "HairpinMode": false,
            "LinkLocalIPv6Address": "",
            "LinkLocalIPv6PrefixLen": 0,
            "Ports": {
                "1936/tcp": [
                    {
                        "HostIp": "0.0.0.0",
                        "HostPort": "1936"
                    }
                ],
                "7373/tcp": null,
                "7946/tcp": null,
                "80/tcp": [
                    {
                        "HostIp": "0.0.0.0",
                        "HostPort": "80"
                    }
                ],
                "9999/tcp": [
                    {
                        "HostIp": "0.0.0.0",
                        "HostPort": "9999"
                    }
                ]
            },
            "SandboxKey": "/var/run/docker/netns/8f16573e78bc",
            "SecondaryIPAddresses": null,
            "SecondaryIPv6Addresses": null,
            "EndpointID": "",
            "Gateway": "",
            "GlobalIPv6Address": "",
            "GlobalIPv6PrefixLen": 0,
            "IPAddress": "",
            "IPPrefixLen": 0,
            "IPv6Gateway": "",
            "MacAddress": "",
            "Networks": {
                "heig": {
                    "IPAMConfig": null,
                    "Links": null,
                    "Aliases": [
                        "238f4f7f681d"
                    ],
                    "NetworkID": "fb488ff4d73c0062c92e2d285f811afc18cf450853d19127fac85fc392a28b95",
                    "EndpointID": "da3f788522fdf7142783cec8e2713abc331506eec9551b9ae8c70296d2795b2c",
                    "Gateway": "172.18.0.1",
                    "IPAddress": "172.18.0.2",
                    "IPPrefixLen": 16,
                    "IPv6Gateway": "",
                    "GlobalIPv6Address": "",
                    "GlobalIPv6PrefixLen": 0,
                    "MacAddress": "02:42:ac:12:00:02",
                    "DriverOpts": null
                }
            }
        }
    }
]
