[s6-init] making user provided files available at /var/run/s6/etc...exited 0.
[s6-init] ensuring user provided files have correct perms...exited 0.
[fix-attrs.d] applying ownership & permissions fixes...
[fix-attrs.d] done.
[cont-init.d] executing container initialization scripts...
[cont-init.d] done.
[services.d] starting services
[services.d] done.
/opt/bin/serf agent --join ha --tag role=backend
==> Starting Serf agent...
==> Starting Serf agent RPC...
==> Serf agent running!
         Node name: '2008dcb26752'
         Bind addr: '0.0.0.0:7946'
          RPC addr: '127.0.0.1:7373'
         Encrypted: false
          Snapshot: false
           Profile: lan
==> Joining cluster...(replay: false)
    Join completed. Synced with 1 initial agents

==> Log data will now stream in as it occurs:

    2018/12/24 15:17:40 [INFO] agent: Serf agent starting
    2018/12/24 15:17:40 [INFO] serf: EventMemberJoin: 2008dcb26752 172.18.0.3
    2018/12/24 15:17:40 [INFO] agent: joining: [ha] replay: false
    2018/12/24 15:17:40 [INFO] serf: EventMemberJoin: ff6e36c2250f 172.18.0.2
    2018/12/24 15:17:40 [INFO] agent: joined: 1 nodes
Application started
    2018/12/24 15:17:41 [INFO] agent: Received event: member-join
